[2025-09-04--14-37-42 INFO actix_server::builder] starting 5 workers
[2025-09-04--14-37-42 INFO actix_server::server] Tokio runtime found; starting in existing Tokio runtime
[2025-09-04--14-37-42 INFO actix_server::server] starting service: "actix-web-service-127.0.0.1:18488", workers: 5, listening on: 127.0.0.1:18488
[2025-09-04--14-37-43 INFO parity_ws] Listening for new connections on 127.0.0.1:8900.
[2025-09-04--14-37-43 INFO parity_ws::io] Accepted a new tcp connection from 127.0.0.1:47008.
[2025-09-04--14-37-44 INFO txtx::svm::deploy_program] Failure Recovery Info - An ephemeral authority account will be created and funded to write to the buffer account.
[2025-09-04--14-37-44 INFO txtx::svm::deploy_program] Failure Recovery Info - Please save the following information in case the deployment fails and the account needs to be recovered:
[2025-09-04--14-37-44 INFO txtx::svm::deploy_program] Failure Recovery Info - Ephemeral authority public key: 7idsE5mDpFjMA24GYvLJF9EfszoBHe7maMgEsMdezHCy
[2025-09-04--14-37-44 INFO txtx::svm::deploy_program] Failure Recovery Info - Ephemeral authority secret key: 3wNRKc6xvVVj6RJaZTcNFaQG1XNVdyJ4vK9ihCeJUcAS9677XJKkNXYC4qyxub2neg2oCxyTp1an39VzZT58BFb3
[2025-09-04--14-37-44 INFO txtx::svm::deploy_program] Account Created - Ephemeral authority account created and funded to write to buffer
[2025-09-04--14-37-44 INFO txtx::svm::deploy_program] Failure Recovery Info - Creating program buffer account at pubkey FbucEmHapVMzC4yt9gEopdLrwn3fwUoLvbUEeqnjEtiS
[2025-09-04--14-37-44 INFO txtx::svm::deploy_program] Account Created - Program buffer account created
[2025-09-04--14-38-32 INFO txtx::svm::deploy_program] Buffer Ready - Writing to buffer account is complete
[2025-09-04--14-38-33 INFO txtx::svm::deploy_program] Program Created - Program AZW2pKHGYu23m6VTgGgHE9jaRPo1qbJVWp3jXptJKNSg has been deployed
[2025-09-04--14-38-34 INFO txtx::svm::deploy_program] Complete - Ephemeral authority account closed and leftover funds returned to payer
[2025-09-04--14-44-54 INFO actix_server::worker] shutting down idle worker
[2025-09-04--14-44-54 INFO actix_server::worker] shutting down idle worker
[2025-09-04--14-44-54 INFO actix_server::worker] shutting down idle worker
[2025-09-04--14-44-54 INFO actix_server::accept] accept thread stopped
[2025-09-04--14-44-54 INFO actix_server::worker] shutting down idle worker
[2025-09-04--14-44-54 INFO actix_server::worker] shutting down idle worker
