[2025-09-06--10-26-20 INFO actix_server::builder] starting 5 workers
[2025-09-06--10-26-20 INFO actix_server::server] Tokio runtime found; starting in existing Tokio runtime
[2025-09-06--10-26-20 INFO actix_server::server] starting service: "actix-web-service-127.0.0.1:18488", workers: 5, listening on: 127.0.0.1:18488
[2025-09-06--10-26-20 INFO parity_ws] Listening for new connections on 127.0.0.1:8900.
[2025-09-06--10-26-21 INFO txtx::svm::deploy_program] Failure Recovery Info - An ephemeral authority account will be created and funded to write to the buffer account.
[2025-09-06--10-26-21 INFO txtx::svm::deploy_program] Failure Recovery Info - Please save the following information in case the deployment fails and the account needs to be recovered:
[2025-09-06--10-26-21 INFO txtx::svm::deploy_program] Failure Recovery Info - Ephemeral authority public key: FYfcqjsLT3NkV1u8JmiXMDL482WacunWCb5cGPcGuT7w
[2025-09-06--10-26-21 INFO txtx::svm::deploy_program] Failure Recovery Info - Ephemeral authority secret key: 2x2VpvRRk6SvtPS2LorAYaY1XMvefzYhcVmXySDmz4WE88kanTp53KhYbYt6CtvuWwuA4W5j4xu3YNcZdiiPSbrZ
[2025-09-06--10-26-21 INFO txtx::svm::deploy_program] Account Created - Ephemeral authority account created and funded to write to buffer
[2025-09-06--10-26-21 INFO txtx::svm::deploy_program] Failure Recovery Info - Creating program buffer account at pubkey 5Goop7kU6mVDPgHdCnkzrA5fSs3jQUtioaWEC8MYA1U1
[2025-09-06--10-26-22 INFO txtx::svm::deploy_program] Account Created - Program buffer account created
[2025-09-06--10-27-14 INFO txtx::svm::deploy_program] Buffer Ready - Writing to buffer account is complete
[2025-09-06--10-27-15 INFO txtx::svm::deploy_program] Program Created - Program AZW2pKHGYu23m6VTgGgHE9jaRPo1qbJVWp3jXptJKNSg has been deployed
[2025-09-06--10-27-16 INFO txtx::svm::deploy_program] Complete - Ephemeral authority account closed and leftover funds returned to payer
[2025-09-06--10-28-29 INFO actix_server::worker] shutting down idle worker
[2025-09-06--10-28-29 INFO actix_server::accept] accept thread stopped
[2025-09-06--10-28-29 INFO actix_server::worker] shutting down idle worker
[2025-09-06--10-28-29 INFO actix_server::worker] shutting down idle worker
[2025-09-06--10-28-29 INFO actix_server::worker] shutting down idle worker
[2025-09-06--10-28-29 INFO actix_server::worker] shutting down idle worker
